<?xml version="1.0" encoding="UTF-8"?>
<!-- Generated by org.testng.reporters.JUnitXMLReporter -->
<testsuite hostname="XIAOWENYAO" name="homepage" tests="3" failures="0" timestamp="25 Jan 2016 03:28:34 GMT" time="78.603" errors="0">
  <testcase name="homepage1" time="8.082" classname="com.tts.homepage.Homepage1"/>
  <testcase name="homepage2" time="9.562" classname="com.tts.homepage.Homepage2"/>
  <testcase name="homepage3" time="28.088" classname="com.tts.homepage.Homepage3"/>
</testsuite> <!-- homepage -->
